<?xml version="1.0" encoding="UTF-8"?>
<testng-results ignored="0" total="16" passed="16" failed="0" skipped="0">
  <reporter-output>
  </reporter-output>
  <suite started-at="2024-11-29T19:15:34 IST" name="Suite" finished-at="2024-11-29T19:19:39 IST" duration-ms="245338">
    <groups>
      <group name="Sanity">
        <method signature="AddToCartTest.addToCartTest(java.lang.String,java.lang.String,java.lang.String)[pri:0, instance:com.testcases.AddToCartTest@4e5ed836]" name="addToCartTest" class="com.testcases.AddToCartTest"/>
        <method signature="AddressPageTest.addressPageTest(java.util.HashMap)[pri:0, instance:com.testcases.AddressPageTest@eadd4fb]" name="addressPageTest" class="com.testcases.AddressPageTest"/>
        <method signature="LoginPageTest.loginTest(java.lang.String,java.lang.String)[pri:0, instance:com.testcases.LoginPageTest@239a307b]" name="loginTest" class="com.testcases.LoginPageTest"/>
      </group> <!-- Sanity -->
      <group name="Regression">
        <method signature="AddToCartTest.addToCartTest(java.lang.String,java.lang.String,java.lang.String)[pri:0, instance:com.testcases.AddToCartTest@4e5ed836]" name="addToCartTest" class="com.testcases.AddToCartTest"/>
        <method signature="AddressPageTest.addressPageTest(java.util.HashMap)[pri:0, instance:com.testcases.AddressPageTest@eadd4fb]" name="addressPageTest" class="com.testcases.AddressPageTest"/>
        <method signature="EndToEndTest.endToEndTest(java.lang.String,java.lang.String,java.lang.String)[pri:0, instance:com.testcases.EndToEndTest@2a8448fa]" name="endToEndTest" class="com.testcases.EndToEndTest"/>
        <method signature="OrderPageTest.verifyTotalPrice(java.lang.String,java.lang.String,java.lang.String)[pri:0, instance:com.testcases.OrderPageTest@43f02ef2]" name="verifyTotalPrice" class="com.testcases.OrderPageTest"/>
      </group> <!-- Regression -->
      <group name="Smoke">
        <method signature="IndexPageTest.verifyUrl()[pri:-1, instance:com.testcases.IndexPageTest@740fb309]" name="verifyUrl" class="com.testcases.IndexPageTest"/>
        <method signature="HomePageTest.logoutButtonTest(java.lang.String,java.lang.String)[pri:0, instance:com.testcases.HomePageTest@6f01b95f]" name="logoutButtonTest" class="com.testcases.HomePageTest"/>
        <method signature="HomePageTest.myAddressesTest(java.lang.String,java.lang.String)[pri:0, instance:com.testcases.HomePageTest@6f01b95f]" name="myAddressesTest" class="com.testcases.HomePageTest"/>
        <method signature="HomePageTest.orderHistoryandDetailsTest(java.lang.String,java.lang.String)[pri:0, instance:com.testcases.HomePageTest@6f01b95f]" name="orderHistoryandDetailsTest" class="com.testcases.HomePageTest"/>
        <method signature="HomePageTest.personalInformationTest(java.lang.String,java.lang.String)[pri:0, instance:com.testcases.HomePageTest@6f01b95f]" name="personalInformationTest" class="com.testcases.HomePageTest"/>
        <method signature="IndexPageTest.contactNumberAvailable()[pri:0, instance:com.testcases.IndexPageTest@740fb309]" name="contactNumberAvailable" class="com.testcases.IndexPageTest"/>
        <method signature="IndexPageTest.emailAvailable()[pri:0, instance:com.testcases.IndexPageTest@740fb309]" name="emailAvailable" class="com.testcases.IndexPageTest"/>
        <method signature="IndexPageTest.logoTest()[pri:0, instance:com.testcases.IndexPageTest@740fb309]" name="logoTest" class="com.testcases.IndexPageTest"/>
        <method signature="IndexPageTest.verifyLoginPage()[pri:0, instance:com.testcases.IndexPageTest@740fb309]" name="verifyLoginPage" class="com.testcases.IndexPageTest"/>
        <method signature="IndexPageTest.verifyTitle()[pri:0, instance:com.testcases.IndexPageTest@740fb309]" name="verifyTitle" class="com.testcases.IndexPageTest"/>
        <method signature="LoginPageTest.loginTest(java.lang.String,java.lang.String)[pri:0, instance:com.testcases.LoginPageTest@239a307b]" name="loginTest" class="com.testcases.LoginPageTest"/>
        <method signature="SearchResultTest.productAvailabilityTest(java.lang.String)[pri:0, instance:com.testcases.SearchResultTest@7bd7d6d6]" name="productAvailabilityTest" class="com.testcases.SearchResultTest"/>
      </group> <!-- Smoke -->
    </groups>
    <test started-at="2024-11-29T19:15:34 IST" name="Test_All" finished-at="2024-11-29T19:19:39 IST" duration-ms="245338">
      <class name="com.testcases.LoginPageTest">
        <test-method is-config="true" signature="setup(java.lang.String)[pri:0, instance:com.testcases.LoginPageTest@239a307b]" started-at="2024-11-29T19:18:41 IST" name="setup" finished-at="2024-11-29T19:18:48 IST" duration-ms="6537" status="PASS">
          <params>
            <param index="0">
              <value>
                <![CDATA[chrome]]>
              </value>
            </param>
          </params>
          <reporter-output>
          </reporter-output>
        </test-method> <!-- setup -->
        <test-method signature="loginTest(java.lang.String,java.lang.String)[pri:0, instance:com.testcases.LoginPageTest@239a307b]" started-at="2024-11-29T19:18:48 IST" name="loginTest" data-provider="credentials" finished-at="2024-11-29T19:18:56 IST" duration-ms="8552" status="PASS">
          <params>
            <param index="0">
              <value>
                <![CDATA[admin@testing.com]]>
              </value>
            </param>
            <param index="1">
              <value>
                <![CDATA[truetesting@123]]>
              </value>
            </param>
          </params>
          <reporter-output>
          </reporter-output>
        </test-method> <!-- loginTest -->
        <test-method is-config="true" signature="tearDown()[pri:0, instance:com.testcases.LoginPageTest@239a307b]" started-at="2024-11-29T19:18:56 IST" name="tearDown" finished-at="2024-11-29T19:18:57 IST" duration-ms="782" status="PASS">
          <reporter-output>
          </reporter-output>
        </test-method> <!-- tearDown -->
      </class> <!-- com.testcases.LoginPageTest -->
      <class name="com.testcases.AddToCartTest">
        <test-method is-config="true" signature="setup(java.lang.String)[pri:0, instance:com.testcases.AddToCartTest@4e5ed836]" started-at="2024-11-29T19:16:58 IST" name="setup" finished-at="2024-11-29T19:17:10 IST" duration-ms="12063" status="PASS">
          <params>
            <param index="0">
              <value>
                <![CDATA[chrome]]>
              </value>
            </param>
          </params>
          <reporter-output>
          </reporter-output>
        </test-method> <!-- setup -->
        <test-method signature="addToCartTest(java.lang.String,java.lang.String,java.lang.String)[pri:0, instance:com.testcases.AddToCartTest@4e5ed836]" started-at="2024-11-29T19:17:10 IST" name="addToCartTest" data-provider="getProduct" finished-at="2024-11-29T19:17:16 IST" duration-ms="5882" status="PASS">
          <params>
            <param index="0">
              <value>
                <![CDATA[dresses]]>
              </value>
            </param>
            <param index="1">
              <value>
                <![CDATA[2]]>
              </value>
            </param>
            <param index="2">
              <value>
                <![CDATA[M]]>
              </value>
            </param>
          </params>
          <reporter-output>
          </reporter-output>
        </test-method> <!-- addToCartTest -->
        <test-method is-config="true" signature="tearDown()[pri:0, instance:com.testcases.AddToCartTest@4e5ed836]" started-at="2024-11-29T19:17:16 IST" name="tearDown" finished-at="2024-11-29T19:17:16 IST" duration-ms="585" status="PASS">
          <reporter-output>
          </reporter-output>
        </test-method> <!-- tearDown -->
      </class> <!-- com.testcases.AddToCartTest -->
      <class name="com.testcases.HomePageTest">
        <test-method is-config="true" signature="loadConfig()[pri:0, instance:com.testcases.HomePageTest@6f01b95f]" started-at="2024-11-29T19:15:33 IST" name="loadConfig" finished-at="2024-11-29T19:15:34 IST" duration-ms="792" status="PASS">
          <reporter-output>
          </reporter-output>
        </test-method> <!-- loadConfig -->
        <test-method is-config="true" signature="setup(java.lang.String)[pri:0, instance:com.testcases.HomePageTest@6f01b95f]" started-at="2024-11-29T19:15:37 IST" name="setup" finished-at="2024-11-29T19:15:56 IST" duration-ms="18995" status="PASS">
          <params>
            <param index="0">
              <value>
                <![CDATA[chrome]]>
              </value>
            </param>
          </params>
          <reporter-output>
          </reporter-output>
        </test-method> <!-- setup -->
        <test-method signature="logoutButtonTest(java.lang.String,java.lang.String)[pri:0, instance:com.testcases.HomePageTest@6f01b95f]" started-at="2024-11-29T19:15:56 IST" name="logoutButtonTest" data-provider="credentials" finished-at="2024-11-29T19:16:01 IST" duration-ms="4790" status="PASS">
          <params>
            <param index="0">
              <value>
                <![CDATA[admin@testing.com]]>
              </value>
            </param>
            <param index="1">
              <value>
                <![CDATA[truetesting@123]]>
              </value>
            </param>
          </params>
          <reporter-output>
          </reporter-output>
        </test-method> <!-- logoutButtonTest -->
        <test-method is-config="true" signature="tearDown()[pri:0, instance:com.testcases.HomePageTest@6f01b95f]" started-at="2024-11-29T19:16:01 IST" name="tearDown" finished-at="2024-11-29T19:16:02 IST" duration-ms="948" status="PASS">
          <reporter-output>
          </reporter-output>
        </test-method> <!-- tearDown -->
        <test-method is-config="true" signature="setup(java.lang.String)[pri:0, instance:com.testcases.HomePageTest@6f01b95f]" started-at="2024-11-29T19:16:02 IST" name="setup" finished-at="2024-11-29T19:16:17 IST" duration-ms="14525" status="PASS">
          <params>
            <param index="0">
              <value>
                <![CDATA[chrome]]>
              </value>
            </param>
          </params>
          <reporter-output>
          </reporter-output>
        </test-method> <!-- setup -->
        <test-method signature="myAddressesTest(java.lang.String,java.lang.String)[pri:0, instance:com.testcases.HomePageTest@6f01b95f]" started-at="2024-11-29T19:16:17 IST" name="myAddressesTest" data-provider="credentials" finished-at="2024-11-29T19:16:22 IST" duration-ms="5446" status="PASS">
          <params>
            <param index="0">
              <value>
                <![CDATA[admin@testing.com]]>
              </value>
            </param>
            <param index="1">
              <value>
                <![CDATA[truetesting@123]]>
              </value>
            </param>
          </params>
          <reporter-output>
          </reporter-output>
        </test-method> <!-- myAddressesTest -->
        <test-method is-config="true" signature="tearDown()[pri:0, instance:com.testcases.HomePageTest@6f01b95f]" started-at="2024-11-29T19:16:22 IST" name="tearDown" finished-at="2024-11-29T19:16:23 IST" duration-ms="1157" status="PASS">
          <reporter-output>
          </reporter-output>
        </test-method> <!-- tearDown -->
        <test-method is-config="true" signature="setup(java.lang.String)[pri:0, instance:com.testcases.HomePageTest@6f01b95f]" started-at="2024-11-29T19:16:24 IST" name="setup" finished-at="2024-11-29T19:16:36 IST" duration-ms="12740" status="PASS">
          <params>
            <param index="0">
              <value>
                <![CDATA[chrome]]>
              </value>
            </param>
          </params>
          <reporter-output>
          </reporter-output>
        </test-method> <!-- setup -->
        <test-method signature="orderHistoryandDetailsTest(java.lang.String,java.lang.String)[pri:0, instance:com.testcases.HomePageTest@6f01b95f]" started-at="2024-11-29T19:16:36 IST" name="orderHistoryandDetailsTest" data-provider="credentials" finished-at="2024-11-29T19:16:40 IST" duration-ms="3435" status="PASS">
          <params>
            <param index="0">
              <value>
                <![CDATA[admin@testing.com]]>
              </value>
            </param>
            <param index="1">
              <value>
                <![CDATA[truetesting@123]]>
              </value>
            </param>
          </params>
          <reporter-output>
          </reporter-output>
        </test-method> <!-- orderHistoryandDetailsTest -->
        <test-method is-config="true" signature="tearDown()[pri:0, instance:com.testcases.HomePageTest@6f01b95f]" started-at="2024-11-29T19:16:40 IST" name="tearDown" finished-at="2024-11-29T19:16:40 IST" duration-ms="600" status="PASS">
          <reporter-output>
          </reporter-output>
        </test-method> <!-- tearDown -->
        <test-method is-config="true" signature="setup(java.lang.String)[pri:0, instance:com.testcases.HomePageTest@6f01b95f]" started-at="2024-11-29T19:16:41 IST" name="setup" finished-at="2024-11-29T19:16:53 IST" duration-ms="12689" status="PASS">
          <params>
            <param index="0">
              <value>
                <![CDATA[chrome]]>
              </value>
            </param>
          </params>
          <reporter-output>
          </reporter-output>
        </test-method> <!-- setup -->
        <test-method signature="personalInformationTest(java.lang.String,java.lang.String)[pri:0, instance:com.testcases.HomePageTest@6f01b95f]" started-at="2024-11-29T19:16:53 IST" name="personalInformationTest" data-provider="credentials" finished-at="2024-11-29T19:16:57 IST" duration-ms="3615" status="PASS">
          <params>
            <param index="0">
              <value>
                <![CDATA[admin@testing.com]]>
              </value>
            </param>
            <param index="1">
              <value>
                <![CDATA[truetesting@123]]>
              </value>
            </param>
          </params>
          <reporter-output>
          </reporter-output>
        </test-method> <!-- personalInformationTest -->
        <test-method is-config="true" signature="tearDown()[pri:0, instance:com.testcases.HomePageTest@6f01b95f]" started-at="2024-11-29T19:16:57 IST" name="tearDown" finished-at="2024-11-29T19:16:58 IST" duration-ms="673" status="PASS">
          <reporter-output>
          </reporter-output>
        </test-method> <!-- tearDown -->
        <test-method is-config="true" signature="afterSuite()[pri:0, instance:com.testcases.HomePageTest@6f01b95f]" started-at="2024-11-29T19:19:40 IST" name="afterSuite" finished-at="2024-11-29T19:19:40 IST" duration-ms="943" status="PASS">
          <reporter-output>
          </reporter-output>
        </test-method> <!-- afterSuite -->
      </class> <!-- com.testcases.HomePageTest -->
      <class name="com.testcases.IndexPageTest">
        <test-method is-config="true" signature="setup(java.lang.String)[pri:0, instance:com.testcases.IndexPageTest@740fb309]" started-at="2024-11-29T19:17:50 IST" name="setup" finished-at="2024-11-29T19:18:02 IST" duration-ms="12320" status="PASS">
          <params>
            <param index="0">
              <value>
                <![CDATA[chrome]]>
              </value>
            </param>
          </params>
          <reporter-output>
          </reporter-output>
        </test-method> <!-- setup -->
        <test-method signature="verifyUrl()[pri:-1, instance:com.testcases.IndexPageTest@740fb309]" started-at="2024-11-29T19:18:02 IST" name="verifyUrl" finished-at="2024-11-29T19:18:02 IST" duration-ms="26" status="PASS">
          <reporter-output>
          </reporter-output>
        </test-method> <!-- verifyUrl -->
        <test-method signature="contactNumberAvailable()[pri:0, instance:com.testcases.IndexPageTest@740fb309]" started-at="2024-11-29T19:18:02 IST" name="contactNumberAvailable" finished-at="2024-11-29T19:18:02 IST" duration-ms="87" status="PASS">
          <reporter-output>
          </reporter-output>
        </test-method> <!-- contactNumberAvailable -->
        <test-method signature="emailAvailable()[pri:0, instance:com.testcases.IndexPageTest@740fb309]" started-at="2024-11-29T19:18:02 IST" name="emailAvailable" finished-at="2024-11-29T19:18:02 IST" duration-ms="82" status="PASS">
          <reporter-output>
          </reporter-output>
        </test-method> <!-- emailAvailable -->
        <test-method signature="logoTest()[pri:0, instance:com.testcases.IndexPageTest@740fb309]" started-at="2024-11-29T19:18:02 IST" name="logoTest" finished-at="2024-11-29T19:18:02 IST" duration-ms="62" status="PASS">
          <reporter-output>
          </reporter-output>
        </test-method> <!-- logoTest -->
        <test-method signature="verifyLoginPage()[pri:0, instance:com.testcases.IndexPageTest@740fb309]" started-at="2024-11-29T19:18:02 IST" name="verifyLoginPage" finished-at="2024-11-29T19:18:04 IST" duration-ms="1609" status="PASS">
          <reporter-output>
          </reporter-output>
        </test-method> <!-- verifyLoginPage -->
        <test-method signature="verifyTitle()[pri:0, instance:com.testcases.IndexPageTest@740fb309]" started-at="2024-11-29T19:18:04 IST" name="verifyTitle" finished-at="2024-11-29T19:18:04 IST" duration-ms="20" status="PASS">
          <reporter-output>
          </reporter-output>
        </test-method> <!-- verifyTitle -->
        <test-method is-config="true" signature="tearDown()[pri:0, instance:com.testcases.IndexPageTest@740fb309]" started-at="2024-11-29T19:18:04 IST" name="tearDown" finished-at="2024-11-29T19:18:05 IST" duration-ms="796" status="PASS">
          <reporter-output>
          </reporter-output>
        </test-method> <!-- tearDown -->
      </class> <!-- com.testcases.IndexPageTest -->
      <class name="com.testcases.AddressPageTest">
        <test-method is-config="true" signature="setup(java.lang.String)[pri:0, instance:com.testcases.AddressPageTest@eadd4fb]" started-at="2024-11-29T19:17:16 IST" name="setup" finished-at="2024-11-29T19:17:29 IST" duration-ms="12352" status="PASS">
          <params>
            <param index="0">
              <value>
                <![CDATA[chrome]]>
              </value>
            </param>
          </params>
          <reporter-output>
          </reporter-output>
        </test-method> <!-- setup -->
        <test-method signature="addressPageTest(java.util.HashMap)[pri:0, instance:com.testcases.AddressPageTest@eadd4fb]" started-at="2024-11-29T19:17:29 IST" name="addressPageTest" data-provider="newAddressData" finished-at="2024-11-29T19:17:49 IST" duration-ms="20538" status="PASS">
          <params>
            <param index="0">
              <value>
                <![CDATA[{Company=Synopsis, Address=67 Dower Lane, HomePhone=112233366, FirstName=John, State=California, Alias=Second Home, Country =United States, LastName=Ross, City=Texas, PostCode=23651, MobilePhone=223336655}]]>
              </value>
            </param>
          </params>
          <reporter-output>
          </reporter-output>
        </test-method> <!-- addressPageTest -->
        <test-method is-config="true" signature="tearDown()[pri:0, instance:com.testcases.AddressPageTest@eadd4fb]" started-at="2024-11-29T19:17:49 IST" name="tearDown" finished-at="2024-11-29T19:17:50 IST" duration-ms="599" status="PASS">
          <reporter-output>
          </reporter-output>
        </test-method> <!-- tearDown -->
      </class> <!-- com.testcases.AddressPageTest -->
      <class name="com.testcases.OrderPageTest">
        <test-method is-config="true" signature="setup(java.lang.String)[pri:0, instance:com.testcases.OrderPageTest@43f02ef2]" started-at="2024-11-29T19:18:21 IST" name="setup" finished-at="2024-11-29T19:18:32 IST" duration-ms="11466" status="PASS">
          <params>
            <param index="0">
              <value>
                <![CDATA[chrome]]>
              </value>
            </param>
          </params>
          <reporter-output>
          </reporter-output>
        </test-method> <!-- setup -->
        <test-method signature="verifyTotalPrice(java.lang.String,java.lang.String,java.lang.String)[pri:0, instance:com.testcases.OrderPageTest@43f02ef2]" started-at="2024-11-29T19:18:32 IST" name="verifyTotalPrice" data-provider="getProduct" finished-at="2024-11-29T19:18:40 IST" duration-ms="7726" status="PASS">
          <params>
            <param index="0">
              <value>
                <![CDATA[dresses]]>
              </value>
            </param>
            <param index="1">
              <value>
                <![CDATA[2]]>
              </value>
            </param>
            <param index="2">
              <value>
                <![CDATA[M]]>
              </value>
            </param>
          </params>
          <reporter-output>
          </reporter-output>
        </test-method> <!-- verifyTotalPrice -->
        <test-method is-config="true" signature="tearDown()[pri:0, instance:com.testcases.OrderPageTest@43f02ef2]" started-at="2024-11-29T19:18:40 IST" name="tearDown" finished-at="2024-11-29T19:18:41 IST" duration-ms="700" status="PASS">
          <reporter-output>
          </reporter-output>
        </test-method> <!-- tearDown -->
      </class> <!-- com.testcases.OrderPageTest -->
      <class name="com.testcases.SearchResultTest">
        <test-method is-config="true" signature="setup(java.lang.String)[pri:0, instance:com.testcases.SearchResultTest@7bd7d6d6]" started-at="2024-11-29T19:18:05 IST" name="setup" finished-at="2024-11-29T19:18:11 IST" duration-ms="5674" status="PASS">
          <params>
            <param index="0">
              <value>
                <![CDATA[chrome]]>
              </value>
            </param>
          </params>
          <reporter-output>
          </reporter-output>
        </test-method> <!-- setup -->
        <test-method signature="productAvailabilityTest(java.lang.String)[pri:0, instance:com.testcases.SearchResultTest@7bd7d6d6]" started-at="2024-11-29T19:18:11 IST" name="productAvailabilityTest" data-provider="searchProduct" finished-at="2024-11-29T19:18:20 IST" duration-ms="9077" status="PASS">
          <params>
            <param index="0">
              <value>
                <![CDATA[dresses]]>
              </value>
            </param>
          </params>
          <reporter-output>
          </reporter-output>
        </test-method> <!-- productAvailabilityTest -->
        <test-method is-config="true" signature="tearDown()[pri:0, instance:com.testcases.SearchResultTest@7bd7d6d6]" started-at="2024-11-29T19:18:20 IST" name="tearDown" finished-at="2024-11-29T19:18:21 IST" duration-ms="1112" status="PASS">
          <reporter-output>
          </reporter-output>
        </test-method> <!-- tearDown -->
      </class> <!-- com.testcases.SearchResultTest -->
      <class name="com.testcases.EndToEndTest">
        <test-method is-config="true" signature="setup(java.lang.String)[pri:0, instance:com.testcases.EndToEndTest@2a8448fa]" started-at="2024-11-29T19:18:57 IST" name="setup" finished-at="2024-11-29T19:19:03 IST" duration-ms="5785" status="PASS">
          <params>
            <param index="0">
              <value>
                <![CDATA[chrome]]>
              </value>
            </param>
          </params>
          <reporter-output>
          </reporter-output>
        </test-method> <!-- setup -->
        <test-method signature="endToEndTest(java.lang.String,java.lang.String,java.lang.String)[pri:0, instance:com.testcases.EndToEndTest@2a8448fa]" started-at="2024-11-29T19:19:03 IST" name="endToEndTest" data-provider="getProduct" finished-at="2024-11-29T19:19:39 IST" duration-ms="35785" status="PASS">
          <params>
            <param index="0">
              <value>
                <![CDATA[dresses]]>
              </value>
            </param>
            <param index="1">
              <value>
                <![CDATA[2]]>
              </value>
            </param>
            <param index="2">
              <value>
                <![CDATA[M]]>
              </value>
            </param>
          </params>
          <reporter-output>
          </reporter-output>
        </test-method> <!-- endToEndTest -->
        <test-method is-config="true" signature="tearDown()[pri:0, instance:com.testcases.EndToEndTest@2a8448fa]" started-at="2024-11-29T19:19:39 IST" name="tearDown" finished-at="2024-11-29T19:19:39 IST" duration-ms="819" status="PASS">
          <reporter-output>
          </reporter-output>
        </test-method> <!-- tearDown -->
      </class> <!-- com.testcases.EndToEndTest -->
    </test> <!-- Test_All -->
  </suite> <!-- Suite -->
</testng-results>
