<?xml version="1.0" encoding="UTF-8"?>
<!-- Generated by org.testng.reporters.JUnitXMLReporter -->
<testsuite ignored="14" hostname="DESKTOP-8PG3HDS" failures="0" tests="16" name="Test_All" time="245.338" errors="0" timestamp="2024-11-29T19:19:39 IST">
  <testcase classname="com.testcases.HomePageTest" name="logoutButtonTest" time="4.79"/>
  <testcase classname="com.testcases.HomePageTest" name="myAddressesTest" time="5.446"/>
  <testcase classname="com.testcases.HomePageTest" name="orderHistoryandDetailsTest" time="3.435"/>
  <testcase classname="com.testcases.HomePageTest" name="personalInformationTest" time="3.615"/>
  <testcase classname="com.testcases.AddToCartTest" name="addToCartTest" time="5.882"/>
  <testcase classname="com.testcases.AddressPageTest" name="addressPageTest" time="20.538"/>
  <testcase classname="com.testcases.IndexPageTest" name="verifyUrl" time="0.026"/>
  <testcase classname="com.testcases.IndexPageTest" name="contactNumberAvailable" time="0.087"/>
  <testcase classname="com.testcases.IndexPageTest" name="emailAvailable" time="0.082"/>
  <testcase classname="com.testcases.IndexPageTest" name="logoTest" time="0.062"/>
  <testcase classname="com.testcases.IndexPageTest" name="verifyLoginPage" time="1.609"/>
  <testcase classname="com.testcases.IndexPageTest" name="verifyTitle" time="0.02"/>
  <testcase classname="com.testcases.SearchResultTest" name="productAvailabilityTest" time="9.077"/>
  <testcase classname="com.testcases.OrderPageTest" name="verifyTotalPrice" time="7.726"/>
  <testcase classname="com.testcases.LoginPageTest" name="loginTest" time="8.552"/>
  <testcase classname="com.testcases.EndToEndTest" name="endToEndTest" time="35.785"/>
  <testcase classname="com.BaseClass.BaseClass" name="@AfterSuite afterSuite" time="0.0">
    <ignored/>
  </testcase> <!-- @AfterSuite afterSuite -->
  <testcase classname="com.BaseClass.BaseClass" name="@AfterSuite afterSuite" time="0.0">
    <ignored/>
  </testcase> <!-- @AfterSuite afterSuite -->
  <testcase classname="com.BaseClass.BaseClass" name="@AfterSuite afterSuite" time="0.0">
    <ignored/>
  </testcase> <!-- @AfterSuite afterSuite -->
  <testcase classname="com.BaseClass.BaseClass" name="@BeforeSuite loadConfig" time="0.0">
    <ignored/>
  </testcase> <!-- @BeforeSuite loadConfig -->
  <testcase classname="com.BaseClass.BaseClass" name="@BeforeSuite loadConfig" time="0.0">
    <ignored/>
  </testcase> <!-- @BeforeSuite loadConfig -->
  <testcase classname="com.BaseClass.BaseClass" name="@AfterSuite afterSuite" time="0.0">
    <ignored/>
  </testcase> <!-- @AfterSuite afterSuite -->
  <testcase classname="com.BaseClass.BaseClass" name="@AfterSuite afterSuite" time="0.0">
    <ignored/>
  </testcase> <!-- @AfterSuite afterSuite -->
  <testcase classname="com.BaseClass.BaseClass" name="@BeforeSuite loadConfig" time="0.0">
    <ignored/>
  </testcase> <!-- @BeforeSuite loadConfig -->
  <testcase classname="com.BaseClass.BaseClass" name="@BeforeSuite loadConfig" time="0.0">
    <ignored/>
  </testcase> <!-- @BeforeSuite loadConfig -->
  <testcase classname="com.BaseClass.BaseClass" name="@BeforeSuite loadConfig" time="0.0">
    <ignored/>
  </testcase> <!-- @BeforeSuite loadConfig -->
  <testcase classname="com.BaseClass.BaseClass" name="@BeforeSuite loadConfig" time="0.0">
    <ignored/>
  </testcase> <!-- @BeforeSuite loadConfig -->
  <testcase classname="com.BaseClass.BaseClass" name="@AfterSuite afterSuite" time="0.0">
    <ignored/>
  </testcase> <!-- @AfterSuite afterSuite -->
  <testcase classname="com.BaseClass.BaseClass" name="@AfterSuite afterSuite" time="0.0">
    <ignored/>
  </testcase> <!-- @AfterSuite afterSuite -->
  <testcase classname="com.BaseClass.BaseClass" name="@BeforeSuite loadConfig" time="0.0">
    <ignored/>
  </testcase> <!-- @BeforeSuite loadConfig -->
</testsuite> <!-- Test_All -->
